2025-09-17 20:07:56,840 [INFO] worker: ENGINE selected: patchright
2025-09-17 20:07:56,927 [ERROR] worker: resolve_timezone_via_proxy failed
Traceback (most recent call last):
  File "D:\SOFTS\AntiServer\worker.py", line 79, in run_worker
    tz = await resolve_timezone_via_proxy(server, creds)
         ^^^^^^^^^^^^^^^^^^^^^^^^^^^^^^^^^^^^^^^^^^^^^^^
  File "D:\SOFTS\AntiServer\utils.py", line 62, in resolve_timezone_via_proxy
    async with httpx.AsyncClient(proxies=proxy_url, timeout=timeout, verify=False) as client:
               ^^^^^^^^^^^^^^^^^^^^^^^^^^^^^^^^^^^^^^^^^^^^^^^^^^^^^^^^^^^^^^^^^^^
TypeError: AsyncClient.__init__() got an unexpected keyword argument 'proxies'
2025-09-17 20:20:54,457 [INFO] worker: ENGINE selected: patchright
2025-09-17 20:20:54,538 [ERROR] worker: resolve_timezone_via_proxy failed
Traceback (most recent call last):
  File "D:\SOFTS\AntiServer\worker.py", line 72, in run_worker
    tz = await resolve_timezone_via_proxy(server, creds)
         ^^^^^^^^^^^^^^^^^^^^^^^^^^^^^^^^^^^^^^^^^^^^^^^
  File "D:\SOFTS\AntiServer\utils.py", line 62, in resolve_timezone_via_proxy
    async with httpx.AsyncClient(proxies=proxy_url, timeout=timeout, verify=False) as client:
               ^^^^^^^^^^^^^^^^^^^^^^^^^^^^^^^^^^^^^^^^^^^^^^^^^^^^^^^^^^^^^^^^^^^
TypeError: AsyncClient.__init__() got an unexpected keyword argument 'proxies'
2025-09-17 20:21:09,418 [INFO] worker: ENGINE selected: patchright
2025-09-17 20:21:09,497 [ERROR] worker: resolve_timezone_via_proxy failed
Traceback (most recent call last):
  File "D:\SOFTS\AntiServer\worker.py", line 72, in run_worker
    tz = await resolve_timezone_via_proxy(server, creds)
         ^^^^^^^^^^^^^^^^^^^^^^^^^^^^^^^^^^^^^^^^^^^^^^^
  File "D:\SOFTS\AntiServer\utils.py", line 62, in resolve_timezone_via_proxy
    async with httpx.AsyncClient(proxies=proxy_url, timeout=timeout, verify=False) as client:
               ^^^^^^^^^^^^^^^^^^^^^^^^^^^^^^^^^^^^^^^^^^^^^^^^^^^^^^^^^^^^^^^^^^^
TypeError: AsyncClient.__init__() got an unexpected keyword argument 'proxies'
